# JRE version: OpenJDK Runtime Environment Temurin-21.0.6+7 (21.0.6+7) (build 21.0.6+7-LTS)
# Java VM: OpenJDK 64-Bit Server VM Temurin-21.0.6+7 (21.0.6+7-LTS, mixed mode, sharing, tiered, compressed oops, compressed class ptrs, g1 gc, windows-amd64)
GC Precious Log:
 CardTable entry size: 512
 Card Set container configuration: InlinePtr #cards 5 size 8 Array Of Cards #cards 12 size 40 Howl #buckets 4 coarsen threshold 1843 Howl Bitmap #cards 512 size 80 coarsen threshold 460 Card regions per heap region 1 cards per card region 2048
 CPUs: 8 total, 8 available
 Memory: 7888M
 Large Page Support: Disabled
 NUMA Support: Disabled
 Compressed Oops: Enabled (32-bit)
 Heap Region Size: 1M
 Heap Min Capacity: 8M
 Heap Initial Capacity: 124M
 Heap Max Capacity: 1974M
 Pre-touch: Disabled
 Parallel Workers: 8
 Concurrent Workers: 2
 Concurrent Refinement Workers: 8
 Periodic GC: Disabled
Heap:
 garbage-first heap   total 190464K, used 80351K [0x0000000084a00000, 0x0000000100000000)
  region size 1024K, 2 young (2048K), 2 survivors (2048K)
 Metaspace       used 120222K, committed 121472K, reserved 1179648K
  class space    used 16344K, committed 16896K, reserved 1048576K
GC Heap History (20 events):
Event: 27.613 GC heap after
{Heap after GC invocations=52 (full 0):
 garbage-first heap   total 190464K, used 80816K [0x0000000084a00000, 0x0000000100000000)
  region size 1024K, 11 young (11264K), 11 survivors (11264K)
 Metaspace       used 100135K, committed 101056K, reserved 1179648K
  class space    used 13704K, committed 14144K, reserved 1048576K
}
Event: 28.315 GC heap before
{Heap before GC invocations=53 (full 0):
 garbage-first heap   total 190464K, used 162736K [0x0000000084a00000, 0x0000000100000000)
  region size 1024K, 97 young (99328K), 11 survivors (11264K)
 Metaspace       used 103631K, committed 104576K, reserved 1179648K
  class space    used 14200K, committed 14656K, reserved 1048576K
}
Event: 28.326 GC heap after
{Heap after GC invocations=54 (full 0):
 garbage-first heap   total 190464K, used 79275K [0x0000000084a00000, 0x0000000100000000)
  region size 1024K, 9 young (9216K), 9 survivors (9216K)
 Metaspace       used 103631K, committed 104576K, reserved 1179648K
  class space    used 14200K, committed 14656K, reserved 1048576K
}
Event: 29.010 GC heap before
{Heap before GC invocations=54 (full 0):
 garbage-first heap   total 190464K, used 170411K [0x0000000084a00000, 0x0000000100000000)
  region size 1024K, 98 young (100352K), 9 survivors (9216K)
 Metaspace       used 104845K, committed 105792K, reserved 1179648K
  class space    used 14400K, committed 14848K, reserved 1048576K
}
Event: 29.018 GC heap after
{Heap after GC invocations=55 (full 0):
 garbage-first heap   total 190464K, used 74641K [0x0000000084a00000, 0x0000000100000000)
  region size 1024K, 7 young (7168K), 7 survivors (7168K)
 Metaspace       used 104845K, committed 105792K, reserved 1179648K
  class space    used 14400K, committed 14848K, reserved 1048576K
}
Event: 29.047 GC heap before
{Heap before GC invocations=55 (full 0):
 garbage-first heap   total 190464K, used 78737K [0x0000000084a00000, 0x0000000100000000)
  region size 1024K, 12 young (12288K), 7 survivors (7168K)
 Metaspace       used 104895K, committed 105856K, reserved 1179648K
  class space    used 14407K, committed 14848K, reserved 1048576K
}
Event: 29.051 GC heap after
{Heap after GC invocations=56 (full 0):
 garbage-first heap   total 190464K, used 74402K [0x0000000084a00000, 0x0000000100000000)
  region size 1024K, 7 young (7168K), 7 survivors (7168K)
 Metaspace       used 104895K, committed 105856K, reserved 1179648K
  class space    used 14407K, committed 14848K, reserved 1048576K
}
Event: 29.661 GC heap before
{Heap before GC invocations=57 (full 0):
 garbage-first heap   total 190464K, used 172706K [0x0000000084a00000, 0x0000000100000000)
  region size 1024K, 102 young (104448K), 7 survivors (7168K)
 Metaspace       used 106524K, committed 107520K, reserved 1179648K
  class space    used 14638K, committed 15104K, reserved 1048576K
}
Event: 29.675 GC heap after
{Heap after GC invocations=58 (full 0):
 garbage-first heap   total 190464K, used 78929K [0x0000000084a00000, 0x0000000100000000)
  region size 1024K, 10 young (10240K), 10 survivors (10240K)
 Metaspace       used 106524K, committed 107520K, reserved 1179648K
  class space    used 14638K, committed 15104K, reserved 1048576K
}
Event: 30.165 GC heap before
{Heap before GC invocations=58 (full 0):
 garbage-first heap   total 190464K, used 169041K [0x0000000084a00000, 0x0000000100000000)
  region size 1024K, 98 young (100352K), 10 survivors (10240K)
 Metaspace       used 107860K, committed 108928K, reserved 1179648K
  class space    used 14784K, committed 15296K, reserved 1048576K
}
Event: 30.181 GC heap after
{Heap after GC invocations=59 (full 0):
 garbage-first heap   total 190464K, used 78653K [0x0000000084a00000, 0x0000000100000000)
  region size 1024K, 9 young (9216K), 9 survivors (9216K)
 Metaspace       used 107860K, committed 108928K, reserved 1179648K
  class space    used 14784K, committed 15296K, reserved 1048576K
}
Event: 30.640 GC heap before
{Heap before GC invocations=59 (full 0):
 garbage-first heap   total 190464K, used 170813K [0x0000000084a00000, 0x0000000100000000)
  region size 1024K, 99 young (101376K), 9 survivors (9216K)
 Metaspace       used 108718K, committed 109824K, reserved 1179648K
  class space    used 14921K, committed 15424K, reserved 1048576K
}
Event: 30.651 GC heap after
{Heap after GC invocations=60 (full 0):
 garbage-first heap   total 190464K, used 82058K [0x0000000084a00000, 0x0000000100000000)
  region size 1024K, 10 young (10240K), 10 survivors (10240K)
 Metaspace       used 108718K, committed 109824K, reserved 1179648K
  class space    used 14921K, committed 15424K, reserved 1048576K
}
Event: 231.236 GC heap before
{Heap before GC invocations=61 (full 0):
 garbage-first heap   total 190464K, used 168074K [0x0000000084a00000, 0x0000000100000000)
  region size 1024K, 95 young (97280K), 10 survivors (10240K)
 Metaspace       used 118625K, committed 119808K, reserved 1179648K
  class space    used 16206K, committed 16768K, reserved 1048576K
}
Event: 231.433 GC heap after
{Heap after GC invocations=62 (full 0):
 garbage-first heap   total 190464K, used 81397K [0x0000000084a00000, 0x0000000100000000)
  region size 1024K, 8 young (8192K), 8 survivors (8192K)
 Metaspace       used 118625K, committed 119808K, reserved 1179648K
  class space    used 16206K, committed 16768K, reserved 1048576K
}
Event: 866.613 GC heap before
{Heap before GC invocations=62 (full 0):
 garbage-first heap   total 190464K, used 170485K [0x0000000084a00000, 0x0000000100000000)
  region size 1024K, 95 young (97280K), 8 survivors (8192K)
 Metaspace       used 119166K, committed 120320K, reserved 1179648K
  class space    used 16225K, committed 16768K, reserved 1048576K
}
Event: 866.823 GC heap after
{Heap after GC invocations=63 (full 0):
 garbage-first heap   total 190464K, used 79484K [0x0000000084a00000, 0x0000000100000000)
  region size 1024K, 6 young (6144K), 6 survivors (6144K)
 Metaspace       used 119166K, committed 120320K, reserved 1179648K
  class space    used 16225K, committed 16768K, reserved 1048576K
}
Event: 1527.403 GC heap before
{Heap before GC invocations=63 (full 0):
 garbage-first heap   total 190464K, used 172668K [0x0000000084a00000, 0x0000000100000000)
  region size 1024K, 98 young (100352K), 6 survivors (6144K)
 Metaspace       used 120211K, committed 121408K, reserved 1179648K
  class space    used 16342K, committed 16896K, reserved 1048576K
}
Event: 3938.883 GC heap after
{Heap after GC invocations=64 (full 0):
 garbage-first heap   total 190464K, used 80189K [0x0000000084a00000, 0x0000000100000000)
  region size 1024K, 7 young (7168K), 7 survivors (7168K)
 Metaspace       used 120211K, committed 121408K, reserved 1179648K
  class space    used 16342K, committed 16896K, reserved 1048576K
}
Event: 3939.007 GC heap before
{Heap before GC invocations=64 (full 0):
 garbage-first heap   total 190464K, used 82237K [0x0000000084a00000, 0x0000000100000000)
  region size 1024K, 9 young (9216K), 7 survivors (7168K)
 Metaspace       used 120222K, committed 121472K, reserved 1179648K
  class space    used 16344K, committed 16896K, reserved 1048576K
}

