# JRE version: OpenJDK Runtime Environment Temurin-21.0.6+7 (21.0.6+7) (build 21.0.6+7-LTS)
# Java VM: OpenJDK 64-Bit Server VM Temurin-21.0.6+7 (21.0.6+7-LTS, mixed mode, sharing, tiered, compressed oops, compressed class ptrs, g1 gc, windows-amd64)
GC Precious Log:
 CardTable entry size: 512
 Card Set container configuration: InlinePtr #cards 5 size 8 Array Of Cards #cards 12 size 40 Howl #buckets 4 coarsen threshold 1843 Howl Bitmap #cards 512 size 80 coarsen threshold 460 Card regions per heap region 1 cards per card region 2048
 CPUs: 8 total, 8 available
 Memory: 7888M
 Large Page Support: Disabled
 NUMA Support: Disabled
 Compressed Oops: Enabled (32-bit)
 Heap Region Size: 1M
 Heap Min Capacity: 8M
 Heap Initial Capacity: 124M
 Heap Max Capacity: 1974M
 Pre-touch: Disabled
 Parallel Workers: 8
 Concurrent Workers: 2
 Concurrent Refinement Workers: 8
 Periodic GC: Disabled
Heap:
 garbage-first heap   total 181248K, used 138244K [0x0000000084a00000, 0x0000000100000000)
  region size 1024K, 69 young (70656K), 9 survivors (9216K)
 Metaspace       used 122948K, committed 124160K, reserved 1179648K
  class space    used 16425K, committed 17024K, reserved 1048576K
GC Heap History (20 events):
Event: 17.239 GC heap before
{Heap before GC invocations=50 (full 0):
 garbage-first heap   total 107520K, used 94206K [0x0000000084a00000, 0x0000000100000000)
  region size 1024K, 44 young (45056K), 6 survivors (6144K)
 Metaspace       used 95386K, committed 96192K, reserved 1179648K
  class space    used 12643K, committed 13056K, reserved 1048576K
}
Event: 17.244 GC heap after
{Heap after GC invocations=51 (full 0):
 garbage-first heap   total 107520K, used 55925K [0x0000000084a00000, 0x0000000100000000)
  region size 1024K, 5 young (5120K), 5 survivors (5120K)
 Metaspace       used 95386K, committed 96192K, reserved 1179648K
  class space    used 12643K, committed 13056K, reserved 1048576K
}
Event: 17.294 GC heap before
{Heap before GC invocations=51 (full 0):
 garbage-first heap   total 107520K, used 94837K [0x0000000084a00000, 0x0000000100000000)
  region size 1024K, 43 young (44032K), 5 survivors (5120K)
 Metaspace       used 95387K, committed 96192K, reserved 1179648K
  class space    used 12643K, committed 13056K, reserved 1048576K
}
Event: 17.296 GC heap after
{Heap after GC invocations=52 (full 0):
 garbage-first heap   total 284672K, used 53470K [0x0000000084a00000, 0x0000000100000000)
  region size 1024K, 1 young (1024K), 1 survivors (1024K)
 Metaspace       used 95387K, committed 96192K, reserved 1179648K
  class space    used 12643K, committed 13056K, reserved 1048576K
}
Event: 17.713 GC heap before
{Heap before GC invocations=53 (full 0):
 garbage-first heap   total 181248K, used 160990K [0x0000000084a00000, 0x0000000100000000)
  region size 1024K, 106 young (108544K), 1 survivors (1024K)
 Metaspace       used 96094K, committed 96896K, reserved 1179648K
  class space    used 12742K, committed 13120K, reserved 1048576K
}
Event: 17.717 GC heap after
{Heap after GC invocations=54 (full 0):
 garbage-first heap   total 181248K, used 55900K [0x0000000084a00000, 0x0000000100000000)
  region size 1024K, 4 young (4096K), 4 survivors (4096K)
 Metaspace       used 96094K, committed 96896K, reserved 1179648K
  class space    used 12742K, committed 13120K, reserved 1048576K
}
Event: 18.600 GC heap before
{Heap before GC invocations=54 (full 0):
 garbage-first heap   total 181248K, used 159324K [0x0000000084a00000, 0x0000000100000000)
  region size 1024K, 106 young (108544K), 4 survivors (4096K)
 Metaspace       used 104387K, committed 105280K, reserved 1179648K
  class space    used 13834K, committed 14208K, reserved 1048576K
}
Event: 18.607 GC heap after
{Heap after GC invocations=55 (full 0):
 garbage-first heap   total 181248K, used 62027K [0x0000000084a00000, 0x0000000100000000)
  region size 1024K, 10 young (10240K), 10 survivors (10240K)
 Metaspace       used 104387K, committed 105280K, reserved 1179648K
  class space    used 13834K, committed 14208K, reserved 1048576K
}
Event: 19.119 GC heap before
{Heap before GC invocations=55 (full 0):
 garbage-first heap   total 181248K, used 160331K [0x0000000084a00000, 0x0000000100000000)
  region size 1024K, 106 young (108544K), 10 survivors (10240K)
 Metaspace       used 106934K, committed 107840K, reserved 1179648K
  class space    used 14189K, committed 14592K, reserved 1048576K
}
Event: 19.126 GC heap after
{Heap after GC invocations=56 (full 0):
 garbage-first heap   total 181248K, used 64289K [0x0000000084a00000, 0x0000000100000000)
  region size 1024K, 9 young (9216K), 9 survivors (9216K)
 Metaspace       used 106934K, committed 107840K, reserved 1179648K
  class space    used 14189K, committed 14592K, reserved 1048576K
}
Event: 19.738 GC heap before
{Heap before GC invocations=57 (full 0):
 garbage-first heap   total 181248K, used 160545K [0x0000000084a00000, 0x0000000100000000)
  region size 1024K, 104 young (106496K), 9 survivors (9216K)
 Metaspace       used 110206K, committed 111104K, reserved 1179648K
  class space    used 14652K, committed 15040K, reserved 1048576K
}
Event: 19.745 GC heap after
{Heap after GC invocations=58 (full 0):
 garbage-first heap   total 181248K, used 68050K [0x0000000084a00000, 0x0000000100000000)
  region size 1024K, 8 young (8192K), 8 survivors (8192K)
 Metaspace       used 110206K, committed 111104K, reserved 1179648K
  class space    used 14652K, committed 15040K, reserved 1048576K
}
Event: 20.292 GC heap before
{Heap before GC invocations=58 (full 0):
 garbage-first heap   total 181248K, used 163282K [0x0000000084a00000, 0x0000000100000000)
  region size 1024K, 100 young (102400K), 8 survivors (8192K)
 Metaspace       used 111640K, committed 112640K, reserved 1179648K
  class space    used 14877K, committed 15360K, reserved 1048576K
}
Event: 20.301 GC heap after
{Heap after GC invocations=59 (full 0):
 garbage-first heap   total 181248K, used 71504K [0x0000000084a00000, 0x0000000100000000)
  region size 1024K, 8 young (8192K), 8 survivors (8192K)
 Metaspace       used 111640K, committed 112640K, reserved 1179648K
  class space    used 14877K, committed 15360K, reserved 1048576K
}
Event: 20.773 GC heap before
{Heap before GC invocations=59 (full 0):
 garbage-first heap   total 181248K, used 161616K [0x0000000084a00000, 0x0000000100000000)
  region size 1024K, 96 young (98304K), 8 survivors (8192K)
 Metaspace       used 112999K, committed 114112K, reserved 1179648K
  class space    used 15072K, committed 15616K, reserved 1048576K
}
Event: 20.780 GC heap after
{Heap after GC invocations=60 (full 0):
 garbage-first heap   total 181248K, used 74287K [0x0000000084a00000, 0x0000000100000000)
  region size 1024K, 7 young (7168K), 7 survivors (7168K)
 Metaspace       used 112999K, committed 114112K, reserved 1179648K
  class space    used 15072K, committed 15616K, reserved 1048576K
}
Event: 21.161 GC heap before
{Heap before GC invocations=61 (full 0):
 garbage-first heap   total 181248K, used 162351K [0x0000000084a00000, 0x0000000100000000)
  region size 1024K, 93 young (95232K), 7 survivors (7168K)
 Metaspace       used 114353K, committed 115456K, reserved 1179648K
  class space    used 15212K, committed 15744K, reserved 1048576K
}
Event: 21.167 GC heap after
{Heap after GC invocations=62 (full 0):
 garbage-first heap   total 181248K, used 76896K [0x0000000084a00000, 0x0000000100000000)
  region size 1024K, 9 young (9216K), 9 survivors (9216K)
 Metaspace       used 114353K, committed 115456K, reserved 1179648K
  class space    used 15212K, committed 15744K, reserved 1048576K
}
Event: 21.493 GC heap before
{Heap before GC invocations=62 (full 0):
 garbage-first heap   total 181248K, used 160864K [0x0000000084a00000, 0x0000000100000000)
  region size 1024K, 91 young (93184K), 9 survivors (9216K)
 Metaspace       used 115286K, committed 116416K, reserved 1179648K
  class space    used 15347K, committed 15872K, reserved 1048576K
}
Event: 21.501 GC heap after
{Heap after GC invocations=63 (full 0):
 garbage-first heap   total 181248K, used 78852K [0x0000000084a00000, 0x0000000100000000)
  region size 1024K, 9 young (9216K), 9 survivors (9216K)
 Metaspace       used 115286K, committed 116416K, reserved 1179648K
  class space    used 15347K, committed 15872K, reserved 1048576K
}

